2025-04-21 14:57:26 - Starting results PDF generation
2025-04-21 14:57:26 - Loading logos - Left: C:/xampp/htdocs//e-halal/administrator/assets/images/btech.png, Right: C:/xampp/htdocs//e-halal/administrator/assets/images/ehalal.jpg
2025-04-21 14:57:26 - Logos loaded successfully
2025-04-21 14:57:26 - Loading logos - Left: C:/xampp/htdocs//e-halal/administrator/assets/images/btech.png, Right: C:/xampp/htdocs//e-halal/administrator/assets/images/ehalal.jpg
2025-04-21 14:57:26 - Logos loaded successfully
2025-04-21 14:57:26 - Saving PDF to physical path: C:/xampp/htdocs/e-halal/administrator/archives/E-2025-1094/results.pdf
2025-04-21 14:57:26 - PDF saved successfully. Normalized path for DB: e-halal/administrator/archives/E-2025-1094/results.pdf
2025-04-21 14:57:26 - Loading logos - Left: C:/xampp/htdocs//e-halal/administrator/assets/images/btech.png, Right: C:/xampp/htdocs//e-halal/administrator/assets/images/ehalal.jpg
2025-04-21 14:57:26 - Logos loaded successfully
2025-04-21 14:57:26 - Loading logos - Left: C:/xampp/htdocs//e-halal/administrator/assets/images/btech.png, Right: C:/xampp/htdocs//e-halal/administrator/assets/images/ehalal.jpg
2025-04-21 14:57:26 - Logos loaded successfully
2025-04-21 14:57:26 - Loading logos - Left: C:/xampp/htdocs//e-halal/administrator/assets/images/btech.png, Right: C:/xampp/htdocs//e-halal/administrator/assets/images/ehalal.jpg
2025-04-21 14:57:26 - Logos loaded successfully
2025-04-21 14:57:26 - Loading logos - Left: C:/xampp/htdocs//e-halal/administrator/assets/images/btech.png, Right: C:/xampp/htdocs//e-halal/administrator/assets/images/ehalal.jpg
2025-04-21 14:57:26 - Logos loaded successfully
2025-04-21 15:00:47 - Starting results PDF generation
2025-04-21 15:00:47 - Loading logos - Left: C:/xampp/htdocs//e-halal/administrator/assets/images/btech.png, Right: C:/xampp/htdocs//e-halal/administrator/assets/images/ehalal.jpg
2025-04-21 15:00:47 - Logos loaded successfully
2025-04-21 15:00:47 - Loading logos - Left: C:/xampp/htdocs//e-halal/administrator/assets/images/btech.png, Right: C:/xampp/htdocs//e-halal/administrator/assets/images/ehalal.jpg
2025-04-21 15:00:47 - Logos loaded successfully
2025-04-21 15:00:47 - Saving PDF to physical path: C:/xampp/htdocs/e-halal/administrator/archives/E-2025-1094/results.pdf
2025-04-21 15:00:47 - PDF saved successfully. Normalized path for DB: e-halal/administrator/archives/E-2025-1094/results.pdf
2025-04-21 15:00:47 - Loading logos - Left: C:/xampp/htdocs//e-halal/administrator/assets/images/btech.png, Right: C:/xampp/htdocs//e-halal/administrator/assets/images/ehalal.jpg
2025-04-21 15:00:47 - Logos loaded successfully
2025-04-21 15:00:47 - Loading logos - Left: C:/xampp/htdocs//e-halal/administrator/assets/images/btech.png, Right: C:/xampp/htdocs//e-halal/administrator/assets/images/ehalal.jpg
2025-04-21 15:00:47 - Logos loaded successfully
2025-04-21 15:00:47 - Loading logos - Left: C:/xampp/htdocs//e-halal/administrator/assets/images/btech.png, Right: C:/xampp/htdocs//e-halal/administrator/assets/images/ehalal.jpg
2025-04-21 15:00:47 - Logos loaded successfully
2025-04-21 15:00:47 - Loading logos - Left: C:/xampp/htdocs//e-halal/administrator/assets/images/btech.png, Right: C:/xampp/htdocs//e-halal/administrator/assets/images/ehalal.jpg
2025-04-21 15:00:47 - Logos loaded successfully
2025-04-21 15:01:31 - Starting results PDF generation
2025-04-21 15:01:31 - Loading logos - Left: C:/xampp/htdocs//e-halal/administrator/assets/images/btech.png, Right: C:/xampp/htdocs//e-halal/administrator/assets/images/ehalal.jpg
2025-04-21 15:01:31 - Logos loaded successfully
2025-04-21 15:01:31 - Loading logos - Left: C:/xampp/htdocs//e-halal/administrator/assets/images/btech.png, Right: C:/xampp/htdocs//e-halal/administrator/assets/images/ehalal.jpg
2025-04-21 15:01:31 - Logos loaded successfully
2025-04-21 15:02:44 - Starting results PDF generation
2025-04-21 15:02:44 - Loading logos - Left: C:/xampp/htdocs//e-halal/administrator/assets/images/btech.png, Right: C:/xampp/htdocs//e-halal/administrator/assets/images/ehalal.jpg
2025-04-21 15:02:44 - Logos loaded successfully
2025-04-21 15:02:44 - Loading logos - Left: C:/xampp/htdocs//e-halal/administrator/assets/images/btech.png, Right: C:/xampp/htdocs//e-halal/administrator/assets/images/ehalal.jpg
2025-04-21 15:02:44 - Logos loaded successfully
2025-04-21 15:02:44 - Saving PDF to physical path: C:/xampp/htdocs/e-halal/administrator/archives/E-2025-1094/results.pdf
2025-04-21 15:02:44 - PDF saved successfully. Normalized path for DB: e-halal/administrator/archives/E-2025-1094/results.pdf
2025-04-21 15:02:44 - Loading logos - Left: C:/xampp/htdocs//e-halal/administrator/assets/images/btech.png, Right: C:/xampp/htdocs//e-halal/administrator/assets/images/ehalal.jpg
2025-04-21 15:02:44 - Logos loaded successfully
2025-04-21 15:02:44 - Loading logos - Left: C:/xampp/htdocs//e-halal/administrator/assets/images/btech.png, Right: C:/xampp/htdocs//e-halal/administrator/assets/images/ehalal.jpg
2025-04-21 15:02:44 - Logos loaded successfully
2025-04-21 15:02:44 - Loading logos - Left: C:/xampp/htdocs//e-halal/administrator/assets/images/btech.png, Right: C:/xampp/htdocs//e-halal/administrator/assets/images/ehalal.jpg
2025-04-21 15:02:44 - Logos loaded successfully
2025-04-21 15:02:44 - Loading logos - Left: C:/xampp/htdocs//e-halal/administrator/assets/images/btech.png, Right: C:/xampp/htdocs//e-halal/administrator/assets/images/ehalal.jpg
2025-04-21 15:02:44 - Logos loaded successfully
2025-04-21 17:56:29 - Starting results PDF generation
2025-04-21 17:56:29 - Loading logos - Left: C:/xampp/htdocs//e-halal/administrator/assets/images/btech.png, Right: C:/xampp/htdocs//e-halal/administrator/assets/images/ehalal.jpg
2025-04-21 17:56:29 - Logos loaded successfully
2025-04-21 17:56:29 - Loading logos - Left: C:/xampp/htdocs//e-halal/administrator/assets/images/btech.png, Right: C:/xampp/htdocs//e-halal/administrator/assets/images/ehalal.jpg
2025-04-21 17:56:29 - Logos loaded successfully
2025-04-21 17:56:29 - Saving PDF to physical path: C:/xampp/htdocs/e-halal/administrator/archives/E2504218634/results.pdf
2025-04-21 17:56:29 - PDF saved successfully. Normalized path for DB: e-halal/administrator/archives/E2504218634/results.pdf
2025-04-21 17:56:29 - Loading logos - Left: C:/xampp/htdocs//e-halal/administrator/assets/images/btech.png, Right: C:/xampp/htdocs//e-halal/administrator/assets/images/ehalal.jpg
2025-04-21 17:56:29 - Logos loaded successfully
2025-04-21 17:56:30 - Loading logos - Left: C:/xampp/htdocs//e-halal/administrator/assets/images/btech.png, Right: C:/xampp/htdocs//e-halal/administrator/assets/images/ehalal.jpg
2025-04-21 17:56:30 - Logos loaded successfully
2025-04-21 17:56:30 - Loading logos - Left: C:/xampp/htdocs//e-halal/administrator/assets/images/btech.png, Right: C:/xampp/htdocs//e-halal/administrator/assets/images/ehalal.jpg
2025-04-21 17:56:30 - Logos loaded successfully
2025-04-21 17:56:30 - Loading logos - Left: C:/xampp/htdocs//e-halal/administrator/assets/images/btech.png, Right: C:/xampp/htdocs//e-halal/administrator/assets/images/ehalal.jpg
2025-04-21 17:56:30 - Logos loaded successfully
2025-04-28 21:24:03 - Starting results PDF generation
2025-04-28 21:24:03 - Loading logos - Left: C:/xampp/htdocs//e-halal/administrator/assets/images/btech.png, Right: C:/xampp/htdocs//e-halal/administrator/assets/images/ehalal.jpg
2025-04-28 21:24:03 - Logos loaded successfully
2025-04-28 21:24:03 - Position President has max_vote of 1
2025-04-28 21:24:03 - Highlighting candidate Stephen Curry as top 1 of 1 allowed winners
2025-04-28 21:24:03 - Position Vice President has max_vote of 1
2025-04-28 21:24:03 - Highlighting candidate Russell Westbrook as top 1 of 1 allowed winners
2025-04-28 21:24:03 - Position Secretary has max_vote of 1
2025-04-28 21:24:03 - Highlighting candidate Draymond Green as top 1 of 1 allowed winners
2025-04-28 21:24:04 - Position Treasurer has max_vote of 1
2025-04-28 21:24:04 - Highlighting candidate Dalton Knecht as top 1 of 1 allowed winners
2025-04-28 21:24:04 - Position PIO has max_vote of 2
2025-04-28 21:24:04 - Highlighting candidate Michael Porter Jr. as top 1 of 2 allowed winners
2025-04-28 21:24:04 - Loading logos - Left: C:/xampp/htdocs//e-halal/administrator/assets/images/btech.png, Right: C:/xampp/htdocs//e-halal/administrator/assets/images/ehalal.jpg
2025-04-28 21:24:04 - Logos loaded successfully
2025-04-28 21:24:04 - Highlighting candidate Bronny James as top 2 of 2 allowed winners
2025-04-28 21:24:04 - Loading logos - Left: C:/xampp/htdocs//e-halal/administrator/assets/images/btech.png, Right: C:/xampp/htdocs//e-halal/administrator/assets/images/ehalal.jpg
2025-04-28 21:24:04 - Logos loaded successfully
2025-04-28 21:40:14 - Starting results PDF generation
2025-04-28 21:40:14 - Loading logos - Left: C:/xampp/htdocs//e-halal/administrator/assets/images/btech.png, Right: C:/xampp/htdocs//e-halal/administrator/assets/images/ehalal.jpg
2025-04-28 21:40:14 - Logos loaded successfully
2025-04-28 21:40:14 - Position President has max_vote of 1
2025-04-28 21:40:14 - Highlighting candidate Stephen Curry as top 1 of 1 allowed winners
2025-04-28 21:40:14 - Position Vice President has max_vote of 1
2025-04-28 21:40:14 - Highlighting candidate Russell Westbrook as top 1 of 1 allowed winners
2025-04-28 21:40:14 - Position Secretary has max_vote of 1
2025-04-28 21:40:14 - Highlighting candidate Draymond Green as top 1 of 1 allowed winners
2025-04-28 21:40:14 - Position Treasurer has max_vote of 1
2025-04-28 21:40:14 - Highlighting candidate Dalton Knecht as top 1 of 1 allowed winners
2025-04-28 21:40:14 - Position PIO has max_vote of 2
2025-04-28 21:40:14 - Highlighting candidate Michael Porter Jr. as top 1 of 2 allowed winners
2025-04-28 21:40:14 - Loading logos - Left: C:/xampp/htdocs//e-halal/administrator/assets/images/btech.png, Right: C:/xampp/htdocs//e-halal/administrator/assets/images/ehalal.jpg
2025-04-28 21:40:14 - Logos loaded successfully
2025-04-28 21:40:14 - Highlighting candidate Bronny James as top 2 of 2 allowed winners
2025-04-28 21:40:14 - Loading logos - Left: C:/xampp/htdocs//e-halal/administrator/assets/images/btech.png, Right: C:/xampp/htdocs//e-halal/administrator/assets/images/ehalal.jpg
2025-04-28 21:40:14 - Logos loaded successfully
2025-04-28 21:40:14 - Saving PDF to physical path: C:/xampp/htdocs/e-halal/administrator/archives/E2504218634/results.pdf
2025-04-28 21:40:14 - PDF saved successfully. Normalized path for DB: e-halal/administrator/archives/E2504218634/results.pdf
2025-04-28 21:40:14 - Loading logos - Left: C:/xampp/htdocs//e-halal/administrator/assets/images/btech.png, Right: C:/xampp/htdocs//e-halal/administrator/assets/images/ehalal.jpg
2025-04-28 21:40:14 - Logos loaded successfully
2025-04-28 21:40:14 - Loading logos - Left: C:/xampp/htdocs//e-halal/administrator/assets/images/btech.png, Right: C:/xampp/htdocs//e-halal/administrator/assets/images/ehalal.jpg
2025-04-28 21:40:14 - Logos loaded successfully
2025-04-28 21:40:14 - Loading logos - Left: C:/xampp/htdocs//e-halal/administrator/assets/images/btech.png, Right: C:/xampp/htdocs//e-halal/administrator/assets/images/ehalal.jpg
2025-04-28 21:40:14 - Logos loaded successfully
2025-04-28 21:40:14 - Loading logos - Left: C:/xampp/htdocs//e-halal/administrator/assets/images/btech.png, Right: C:/xampp/htdocs//e-halal/administrator/assets/images/ehalal.jpg
2025-04-28 21:40:14 - Logos loaded successfully
2025-04-28 22:30:16 - Starting results PDF generation
2025-04-28 22:30:16 - Loading logos - Left: C:/xampp/htdocs//e-halal/administrator/assets/images/btech.png, Right: C:/xampp/htdocs//e-halal/administrator/assets/images/ehalal.jpg
2025-04-28 22:30:16 - Logos loaded successfully
2025-04-28 22:30:16 - Position President has max_vote of 1
2025-04-28 22:30:16 - Highlighting candidate Stephen Curry as top 1 of 1 allowed winners
2025-04-28 22:30:16 - Position Vice President has max_vote of 1
2025-04-28 22:30:16 - Highlighting candidate Russell Westbrook as top 1 of 1 allowed winners
2025-04-28 22:30:16 - Position Secretary has max_vote of 1
2025-04-28 22:30:16 - Highlighting candidate Draymond Green as top 1 of 1 allowed winners
2025-04-28 22:30:16 - Position Treasurer has max_vote of 1
2025-04-28 22:30:16 - Highlighting candidate Dalton Knecht as top 1 of 1 allowed winners
2025-04-28 22:30:16 - Position PIO has max_vote of 2
2025-04-28 22:30:16 - Highlighting candidate Michael Porter Jr. as top 1 of 2 allowed winners
2025-04-28 22:30:16 - Loading logos - Left: C:/xampp/htdocs//e-halal/administrator/assets/images/btech.png, Right: C:/xampp/htdocs//e-halal/administrator/assets/images/ehalal.jpg
2025-04-28 22:30:16 - Logos loaded successfully
2025-04-28 22:30:16 - Highlighting candidate Bronny James as top 2 of 2 allowed winners
2025-04-28 22:30:16 - Loading logos - Left: C:/xampp/htdocs//e-halal/administrator/assets/images/btech.png, Right: C:/xampp/htdocs//e-halal/administrator/assets/images/ehalal.jpg
2025-04-28 22:30:16 - Logos loaded successfully
2025-04-28 22:30:16 - Saving PDF to physical path: C:/xampp/htdocs/e-halal/administrator/archives/E2504282546/results.pdf
2025-04-28 22:30:16 - PDF saved successfully. Normalized path for DB: e-halal/administrator/archives/E2504282546/results.pdf
2025-04-28 22:30:16 - Loading logos - Left: C:/xampp/htdocs//e-halal/administrator/assets/images/btech.png, Right: C:/xampp/htdocs//e-halal/administrator/assets/images/ehalal.jpg
2025-04-28 22:30:16 - Logos loaded successfully
2025-04-28 22:30:16 - Loading logos - Left: C:/xampp/htdocs//e-halal/administrator/assets/images/btech.png, Right: C:/xampp/htdocs//e-halal/administrator/assets/images/ehalal.jpg
2025-04-28 22:30:16 - Logos loaded successfully
2025-04-28 22:30:16 - Loading logos - Left: C:/xampp/htdocs//e-halal/administrator/assets/images/btech.png, Right: C:/xampp/htdocs//e-halal/administrator/assets/images/ehalal.jpg
2025-04-28 22:30:16 - Logos loaded successfully
2025-04-28 22:30:16 - Loading logos - Left: C:/xampp/htdocs//e-halal/administrator/assets/images/btech.png, Right: C:/xampp/htdocs//e-halal/administrator/assets/images/ehalal.jpg
2025-04-28 22:30:16 - Logos loaded successfully
